<?xml version="1.0" encoding="UTF-8"?>
<!-- Generated by org.testng.reporters.JUnitReportReporter -->
<testsuite hostname="DESKTOP-QECEQN7" failures="0" tests="2" name="myPackage.Testng" time="0.023" errors="0" timestamp="2022-08-08T11:48:04 IST" skipped="0">
  <testcase classname="myPackage.Testng" name="SecondDemo" time="0.003"/>
  <system-out/>
  <testcase classname="myPackage.Testng" name="DemoTest" time="0.020"/>
  <system-out/>
</testsuite> <!-- myPackage.Testng -->
