<?xml version="1.0" encoding="UTF-8"?>
<!-- Generated by org.testng.reporters.JUnitReportReporter -->
<testsuite hostname="DESKTOP-QECEQN7" failures="0" tests="1" name="TestCases.LoginApplication" time="80.359" errors="0" timestamp="2022-08-15T17:37:51 IST" skipped="0">
  <testcase classname="TestCases.LoginApplication" name="Login" time="80.359"/>
  <system-out/>
</testsuite> <!-- TestCases.LoginApplication -->
