<?xml version="1.0" encoding="UTF-8"?>
<!-- Generated by org.testng.reporters.JUnitReportReporter -->
<testsuite hostname="DESKTOP-QECEQN7" failures="0" tests="1" name="myPackage.ExtentReportDemo" time="44.044" errors="0" timestamp="2022-08-13T12:50:44 IST" skipped="0">
  <testcase classname="myPackage.ExtentReportDemo" name="initialDemo" time="44.044"/>
  <system-out/>
</testsuite> <!-- myPackage.ExtentReportDemo -->
